0   2.0
0   2.0
1   1.9997520266719764
1   1.9997520266719764
2   1.9990081681786769
2   1.9990081681786769
3   1.9977686089771676
3   1.9977686089771676
4   1.9960336564450691
4   1.9960336564450691
5   1.9938037408043348
5   1.9938037408043348
6   1.9910794150145672
6   1.9910794150145672
7   1.987861354635899
7   1.987861354635899
8   1.984150357661472
8   1.984150357661472
9   1.9799473443195568
9   1.9799473443195568
10   1.9752533568453587
10   1.9752533568453587
11   1.970069559222574
11   1.970069559222574
12   1.9643972368947509
12   1.9643972368947509
13   1.9582377964465343
13   1.9582377964465343
14   1.9515927652548712
14   1.9515927652548712
15   1.9444637911102611
15   1.9444637911102611
16   1.9368526418081478
16   1.9368526418081478
17   1.928761204710554
17   1.928761204710554
18   1.9201914862780654
18   1.9201914862780654
19   1.9111456115722816
19   1.9111456115722816
20   1.9016258237288584
20   1.9016258237288584
21   1.8916344834012693
21   1.8916344834012693
22   1.8811740681754272
22   1.8811740681754272
23   1.8702471719553078
23   1.8702471719553078
24   1.8588565043197316
24   1.8588565043197316
25   1.847004889850461
25   1.847004889850461
26   1.8346952674317782
26   1.8346952674317782
27   1.821930689521721
27   1.821930689521721
28   1.808714321395155
28   1.808714321395155
29   1.7950494403588684
29   1.7950494403588684
30   1.7809394349388892
30   1.7809394349388892
31   1.7663878040402194
31   1.7663878040402194
32   1.7513981560792016
32   1.7513981560792016
33   1.7359742080887262
33   1.7359742080887262
34   1.7201197847965077
34   1.7201197847965077
35   1.7038388176766541
35   1.7038388176766541
36   1.6871353439747654
36   1.6871353439747654
37   1.6700135057068048
37   1.6700135057068048
38   1.6524775486319898
38   1.6524775486319898
39   1.6345318211999562
39   1.6345318211999562
40   1.616180773472459
40   1.616180773472459
41   1.5974289560198758
41   1.5974289560198758
42   1.5782810187927871
42   1.5782810187927871
43   1.558741709968912
43   1.558741709968912
44   1.5388158747756866
44   1.5388158747756866
45   1.5185084542887775
45   1.5185084542887775
46   1.4978244842068262
46   1.4978244842068262
47   1.476769093602731
47   1.476769093602731
48   1.4553475036517725
48   1.4553475036517725
49   1.4335650263369026
49   1.4335650263369026
50   1.4114270631315136
50   1.4114270631315136
51   1.3889391036600174
51   1.3889391036600174
52   1.3661067243365643
52   1.3661067243365643
53   1.3429355869822421
53   1.3429355869822421
54   1.3194314374210945
54   1.3194314374210945
55   1.2956001040553105
55   1.2956001040553105
56   1.2714474964199363
56   1.2714474964199363
57   1.2469796037174672
57   1.2469796037174672
58   1.2222024933326867
58   1.2222024933326867
59   1.197122309328116
59   1.197122309328116
60   1.1717452709204497
60   1.1717452709204497
61   1.1460776709383573
61   1.1460776709383573
62   1.1201258742620286
62   1.1201258742620286
63   1.093896316244854
63   1.093896316244854
64   1.067395501117627
64   1.067395501117627
65   1.0406300003756708
65   1.0406300003756708
66   1.01360645114928
66   1.01360645114928
67   0.9863315545578916
67   0.9863315545578916
68   0.9588120740483844
68   0.9588120740483844
69   0.9310548337179266
69   0.9310548337179266
70   0.9030667166217788
70   0.9030667166217788
71   0.8748546630664831
71   0.8748546630664831
72   0.8464256688888501
72   0.8464256688888501
73   0.8177867837211776
73   0.8177867837211776
74   0.7889451092431325
74   0.7889451092431325
75   0.75990779742072
75   0.75990779742072
76   0.7306820487327904
76   0.7306820487327904
77   0.7012751103855089
77   0.7012751103855089
78   0.6716942745152454
78   0.6716942745152454
79   0.6419468763803156
79   0.6419468763803156
80   0.6120402925420353
80   0.6120402925420353
81   0.5819819390355292
81   0.5819819390355292
82   0.5517792695307504
82   0.5517792695307504
83   0.521439773484172
83   0.521439773484172
84   0.49097097428159847
84   0.49097097428159847
85   0.46038042737256973
85   0.46038042737256973
86   0.429675718396808
86   0.429675718396808
87   0.3988644613031849
87   0.3988644613031849
88   0.36795429646166167
88   0.36795429646166167
89   0.3369528887686843
89   0.3369528887686843
90   0.30586792574649213
90   0.30586792574649213
91   0.2747071156368165
91   0.2747071156368165
92   0.24347818548944508
92   0.24347818548944508
93   0.21218887924611624
93   0.21218887924611624
94   0.18084695582023158
94   0.18084695582023158
95   0.14946018717284879
95   0.14946018717284879
96   0.11803635638544568
96   0.11803635638544568
97   0.08658325572992236
97   0.08658325572992236
98   0.05510868473632412
98   0.05510868473632412
99   0.02362044825876925
99   0.02362044825876925
100   -0.007873645459950198
100   -0.007873645459950198
101   -0.039365786724600824
101   -0.039365786724600824
102   -0.07084816632410752
102   -0.07084816632410752
103   -0.10231297746802602
103   -0.10231297746802602
104   -0.1337524177224222
104   -0.1337524177224222
105   -0.16515869094466454
105   -0.16515869094466454
106   -0.19652400921666086
106   -0.19652400921666086
107   -0.22784059477605564
107   -0.22784059477605564
108   -0.25910068194490443
108   -0.25910068194490443
109   -0.29029651905535864
109   -0.29029651905535864
110   -0.32142037037186855
110   -0.32142037037186855
111   -0.3524645180094432
111   -0.3524645180094432
112   -0.3834212638474763
112   -0.3834212638474763
113   -0.4142829314386786
113   -0.4142829314386786
114   -0.4450418679126287
114   -0.4450418679126287
115   -0.47569044587348214
115   -0.47569044587348214
116   -0.5062210652913637
116   -0.5062210652913637
117   -0.5366261553869689
117   -0.5366261553869689
118   -0.5668981765089187
118   -0.5668981765089187
119   -0.5970296220033886
119   -0.5970296220033886
120   -0.627013020075562
120   -0.627013020075562
121   -0.6568409356424328
121   -0.6568409356424328
122   -0.6865059721765105
122   -0.6865059721765105
123   -0.7160007735399595
123   -0.7160007735399595
124   -0.745318025808726
124   -0.745318025808726
125   -0.7744504590861969
125   -0.7744504590861969
126   -0.8033908493059385
126   -0.8033908493059385
127   -0.8321320200230743
127   -0.8321320200230743
128   -0.86066684419385
128   -0.86066684419385
129   -0.8889882459429508
129   -0.8889882459429508
130   -0.9170892023181314
130   -0.9170892023181314
131   -0.9449627450317193
131   -0.9449627450317193
132   -0.9726019621885625
132   -0.9726019621885625
133   -0.9999999999999996
133   -0.9999999999999996
134   -1.027150064483413
134   -1.027150064483413
135   -1.0540454231469576
135   -1.0540454231469576
136   -1.0806794066590355
136   -1.0806794066590355
137   -1.1070454105021175
137   -1.1070454105021175
138   -1.133136896610484
138   -1.133136896610484
139   -1.1589473949914924
139   -1.1589473949914924
140   -1.1844705053299598
140   -1.1844705053299598
141   -1.2096998985752745
141   -1.2096998985752745
142   -1.2346293185108304
142   -1.2346293185108304
143   -1.259252583305399
143   -1.259252583305399
144   -1.2835635870460627
144   -1.2835635870460627
145   -1.3075563012523168
145   -1.3075563012523168
146   -1.3312247763709717
146   -1.3312247763709717
147   -1.3545631432514817
147   -1.3545631432514817
148   -1.3775656146013417
148   -1.3775656146013417
149   -1.4002264864211784
149   -1.4002264864211784
150   -1.4225401394191899
150   -1.4225401394191899
151   -1.4445010404045824
151   -1.4445010404045824
152   -1.4661037436596522
152   -1.4661037436596522
153   -1.4873428922901792
153   -1.4873428922901792
154   -1.5082132195537923
154   -1.5082132195537923
155   -1.5287095501659833
155   -1.5287095501659833
156   -1.548826801583438
156   -1.548826801583438
157   -1.5685599852643726
157   -1.5685599852643726
158   -1.5879042079055559
158   -1.5879042079055559
159   -1.606854672655722
159   -1.606854672655722
160   -1.62540668030506
160   -1.62540668030506
161   -1.6435556304504901
161   -1.6435556304504901
162   -1.6612970226364456
162   -1.6612970226364456
163   -1.678626457470862
163   -1.678626457470862
164   -1.6955396377161116
164   -1.6955396377161116
165   -1.7120323693546
165   -1.7120323693546
166   -1.7281005626287753
166   -1.7281005626287753
167   -1.7437402330552767
167   -1.7437402330552767
168   -1.758947502412978
168   -1.758947502412978
169   -1.7737185997046871
169   -1.7737185997046871
170   -1.78804986209225
170   -1.78804986209225
171   -1.801937735804838
171   -1.801937735804838
172   -1.815378777020187
172   -1.815378777020187
173   -1.8283696527185747
173   -1.8283696527185747
174   -1.84090714150932
174   -1.84090714150932
175   -1.8529881344296035
175   -1.8529881344296035
176   -1.8646096357154036
176   -1.8646096357154036
177   -1.8757687635443705
177   -1.8757687635443705
178   -1.8864627507504388
178   -1.8864627507504388
179   -1.8966889455100104
179   -1.8966889455100104
180   -1.9064448119995383
180   -1.9064448119995383
181   -1.9157279310243414
181   -1.9157279310243414
182   -1.9245360006185008
182   -1.9245360006185008
183   -1.9328668366156851
183   -1.9328668366156851
184   -1.9407183731907673
184   -1.9407183731907673
185   -1.948088663372093
185   -1.948088663372093
186   -1.954975879524277
186   -1.954975879524277
187   -1.9613783138014096
187   -1.9613783138014096
188   -1.9672943785705552
188   -1.9672943785705552
189   -1.9727226068054446
189   -1.9727226068054446
190   -1.977661652450257
190   -1.977661652450257
191   -1.9821102907534065
191   -1.9821102907534065
192   -1.9860674185712481
192   -1.9860674185712481
193   -1.989532054641627
193   -1.989532054641627
194   -1.992503339827207
194   -1.992503339827207
195   -1.9949805373285114
195   -1.9949805373285114
196   -1.9969630328666323
196   -1.9969630328666323
197   -1.9984503348355531
197   -1.9984503348355531
198   -1.9994420744240549
198   -1.9994420744240549
199   -1.999938005707171
199   -1.999938005707171
200   -1.999938005707171
200   -1.999938005707171
201   -1.9994420744240549
201   -1.9994420744240549
202   -1.9984503348355533
202   -1.9984503348355533
203   -1.9969630328666326
203   -1.9969630328666326
204   -1.9949805373285117
204   -1.9949805373285117
205   -1.992503339827207
205   -1.992503339827207
206   -1.9895320546416273
206   -1.9895320546416273
207   -1.9860674185712481
207   -1.9860674185712481
208   -1.9821102907534067
208   -1.9821102907534067
209   -1.9776616524502573
209   -1.9776616524502573
210   -1.9727226068054449
210   -1.9727226068054449
211   -1.9672943785705552
211   -1.9672943785705552
212   -1.9613783138014098
212   -1.9613783138014098
213   -1.9549758795242773
213   -1.9549758795242773
214   -1.9480886633720933
214   -1.9480886633720933
215   -1.9407183731907676
215   -1.9407183731907676
216   -1.9328668366156854
216   -1.9328668366156854
217   -1.924536000618501
217   -1.924536000618501
218   -1.9157279310243418
218   -1.9157279310243418
219   -1.9064448119995385
219   -1.9064448119995385
220   -1.8966889455100109
220   -1.8966889455100109
221   -1.8864627507504392
221   -1.8864627507504392
222   -1.875768763544371
222   -1.875768763544371
223   -1.8646096357154038
223   -1.8646096357154038
224   -1.852988134429604
224   -1.852988134429604
225   -1.840907141509321
225   -1.840907141509321
226   -1.828369652718575
226   -1.828369652718575
227   -1.8153787770201872
227   -1.8153787770201872
228   -1.8019377358048383
228   -1.8019377358048383
229   -1.7880498620922511
229   -1.7880498620922511
230   -1.7737185997046878
230   -1.7737185997046878
231   -1.7589475024129781
231   -1.7589475024129781
232   -1.743740233055277
232   -1.743740233055277
233   -1.7281005626287764
233   -1.7281005626287764
234   -1.7120323693546007
234   -1.7120323693546007
235   -1.6955396377161118
235   -1.6955396377161118
236   -1.678626457470863
236   -1.678626457470863
237   -1.6612970226364467
237   -1.6612970226364467
238   -1.6435556304504908
238   -1.6435556304504908
239   -1.6254066803050602
239   -1.6254066803050602
240   -1.606854672655723
240   -1.606854672655723
241   -1.5879042079055572
241   -1.5879042079055572
242   -1.5685599852643735
242   -1.5685599852643735
243   -1.5488268015834383
243   -1.5488268015834383
244   -1.5287095501659842
244   -1.5287095501659842
245   -1.5082132195537932
245   -1.5082132195537932
246   -1.4873428922901797
246   -1.4873428922901797
247   -1.4661037436596525
247   -1.4661037436596525
248   -1.4445010404045833
248   -1.4445010404045833
249   -1.422540139419191
249   -1.422540139419191
250   -1.4002264864211789
250   -1.4002264864211789
251   -1.377565614601342
251   -1.377565614601342
252   -1.3545631432514829
252   -1.3545631432514829
253   -1.3312247763709728
253   -1.3312247763709728
254   -1.307556301252318
254   -1.307556301252318
255   -1.283563587046063
255   -1.283563587046063
256   -1.2592525833053991
256   -1.2592525833053991
257   -1.2346293185108321
257   -1.2346293185108321
258   -1.2096998985752756
258   -1.2096998985752756
259   -1.184470505329961
259   -1.184470505329961
260   -1.1589473949914935
260   -1.1589473949914935
261   -1.133136896610486
261   -1.133136896610486
262   -1.107045410502118
262   -1.107045410502118
263   -1.080679406659036
263   -1.080679406659036
264   -1.054045423146958
264   -1.054045423146958
265   -1.0271500644834142
265   -1.0271500644834142
266   -1.0000000000000009
266   -1.0000000000000009
267   -0.9726019621885622
267   -0.9726019621885622
268   -0.9449627450317205
268   -0.9449627450317205
269   -0.9170892023181334
269   -0.9170892023181334
270   -0.8889882459429512
270   -0.8889882459429512
271   -0.8606668441938504
271   -0.8606668441938504
272   -0.8321320200230752
272   -0.8321320200230752
273   -0.8033908493059397
273   -0.8033908493059397
274   -0.7744504590861983
274   -0.7744504590861983
275   -0.745318025808726
275   -0.745318025808726
276   -0.7160007735399613
276   -0.7160007735399613
277   -0.6865059721765127
277   -0.6865059721765127
278   -0.6568409356424336
278   -0.6568409356424336
279   -0.6270130200755629
279   -0.6270130200755629
280   -0.5970296220033899
280   -0.5970296220033899
281   -0.56689817650892
281   -0.56689817650892
282   -0.5366261553869707
282   -0.5366261553869707
283   -0.5062210652913638
283   -0.5062210652913638
284   -0.47569044587348264
284   -0.47569044587348264
285   -0.4450418679126309
285   -0.4450418679126309
286   -0.41428293143867956
286   -0.41428293143867956
287   -0.38342126384747766
287   -0.38342126384747766
288   -0.3524645180094445
288   -0.3524645180094445
289   -0.3214203703718703
289   -0.3214203703718703
290   -0.2902965190553604
290   -0.2902965190553604
291   -0.25910068194490493
291   -0.25910068194490493
292   -0.22784059477605612
292   -0.22784059477605612
293   -0.19652400921666358
293   -0.19652400921666358
294   -0.16515869094466548
294   -0.16515869094466548
295   -0.1337524177224218
295   -0.1337524177224218
296   -0.10231297746802784
296   -0.10231297746802784
297   -0.07084816632410934
297   -0.07084816632410934
298   -0.03936578672460131
298   -0.03936578672460131
299   -0.007873645459950687
299   -0.007873645459950687
300   0.023620448258768318
300   0.023620448258768318
301   0.05510868473632319
301   0.05510868473632319
302   0.08658325572992098
302   0.08658325572992098
303   0.11803635638544609
303   0.11803635638544609
304   0.14946018717284695
304   0.14946018717284695
305   0.1808469558202293
305   0.1808469558202293
306   0.21218887924611574
306   0.21218887924611574
307   0.24347818548944414
307   0.24347818548944414
308   0.2747071156368156
308   0.2747071156368156
309   0.30586792574649074
309   0.30586792574649074
310   0.3369528887686829
310   0.3369528887686829
311   0.36795429646166167
311   0.36795429646166167
312   0.3988644613031827
312   0.3988644613031827
313   0.4296757183968058
313   0.4296757183968058
314   0.4603804273725688
314   0.4603804273725688
315   0.4909709742815976
315   0.4909709742815976
316   0.5214397734841707
316   0.5214397734841707
317   0.5517792695307491
317   0.5517792695307491
318   0.5819819390355274
318   0.5819819390355274
319   0.6120402925420353
319   0.6120402925420353
320   0.6419468763803151
320   0.6419468763803151
321   0.6716942745152429
321   0.6716942745152429
322   0.701275110385508
322   0.701275110385508
323   0.7306820487327891
323   0.7306820487327891
324   0.7599077974207188
324   0.7599077974207188
325   0.7889451092431309
325   0.7889451092431309
326   0.817786783721176
326   0.817786783721176
327   0.8464256688888496
327   0.8464256688888496
328   0.8748546630664826
328   0.8748546630664826
329   0.9030667166217765
329   0.9030667166217765
330   0.9310548337179254
330   0.9310548337179254
331   0.9588120740483848
331   0.9588120740483848
332   0.98633155455789
332   0.98633155455789
333   1.0136064511492784
333   1.0136064511492784
334   1.0406300003756703
334   1.0406300003756703
335   1.0673955011176266
335   1.0673955011176266
336   1.0938963162448532
336   1.0938963162448532
337   1.1201258742620277
337   1.1201258742620277
338   1.1460776709383562
338   1.1460776709383562
339   1.1717452709204499
339   1.1717452709204499
340   1.1971223093281145
340   1.1971223093281145
341   1.2222024933326852
341   1.2222024933326852
342   1.2469796037174667
342   1.2469796037174667
343   1.2714474964199354
343   1.2714474964199354
344   1.2956001040553096
344   1.2956001040553096
345   1.3194314374210934
345   1.3194314374210934
346   1.3429355869822408
346   1.3429355869822408
347   1.3661067243365643
347   1.3661067243365643
348   1.3889391036600158
348   1.3889391036600158
349   1.411427063131512
349   1.411427063131512
350   1.433565026336902
350   1.433565026336902
351   1.4553475036517718
351   1.4553475036517718
352   1.47676909360273
352   1.47676909360273
353   1.4978244842068251
353   1.4978244842068251
354   1.5185084542887763
354   1.5185084542887763
355   1.5388158747756864
355   1.5388158747756864
356   1.5587417099689118
356   1.5587417099689118
357   1.5782810187927858
357   1.5782810187927858
358   1.5974289560198753
358   1.5974289560198753
359   1.6161807734724583
359   1.6161807734724583
360   1.6345318211999553
360   1.6345318211999553
361   1.652477548631989
361   1.652477548631989
362   1.6700135057068037
362   1.6700135057068037
363   1.6871353439747652
363   1.6871353439747652
364   1.703838817676654
364   1.703838817676654
365   1.7201197847965064
365   1.7201197847965064
366   1.7359742080887255
366   1.7359742080887255
367   1.7513981560792016
367   1.7513981560792016
368   1.7663878040402186
368   1.7663878040402186
369   1.7809394349388883
369   1.7809394349388883
370   1.7950494403588684
370   1.7950494403588684
371   1.8087143213951546
371   1.8087143213951546
372   1.8219306895217209
372   1.8219306895217209
373   1.8346952674317778
373   1.8346952674317778
374   1.8470048898504605
374   1.8470048898504605
375   1.8588565043197316
375   1.8588565043197316
376   1.870247171955307
376   1.870247171955307
377   1.8811740681754263
377   1.8811740681754263
378   1.8916344834012693
378   1.8916344834012693
379   1.9016258237288581
379   1.9016258237288581
380   1.9111456115722811
380   1.9111456115722811
381   1.920191486278065
381   1.920191486278065
382   1.9287612047105536
382   1.9287612047105536
383   1.9368526418081478
383   1.9368526418081478
384   1.9444637911102611
384   1.9444637911102611
385   1.9515927652548708
385   1.9515927652548708
386   1.958237796446534
386   1.958237796446534
387   1.9643972368947507
387   1.9643972368947507
388   1.9700695592225739
388   1.9700695592225739
389   1.9752533568453585
389   1.9752533568453585
390   1.9799473443195565
390   1.9799473443195565
391   1.984150357661472
391   1.984150357661472
392   1.987861354635899
392   1.987861354635899
393   1.991079415014567
393   1.991079415014567
394   1.9938037408043348
394   1.9938037408043348
395   1.996033656445069
395   1.996033656445069
396   1.9977686089771676
396   1.9977686089771676
397   1.9990081681786769
397   1.9990081681786769
398   1.9997520266719764
398   1.9997520266719764
399   2.0
399   2.0
