-3.5     0.5409051266115898
-3.482456140350877     0.5591443771484039
-3.4649122807017543     0.5786010460577271
-3.4473684210526314     0.5994041054343315
-3.4298245614035086     0.6217017440871206
-3.412280701754386     0.6456651255068905
-3.3947368421052633     0.6714930700693951
-3.3771929824561404     0.699417939366686
-3.3596491228070176     0.7297131007053617
-3.3421052631578947     0.762702492594281
-3.324561403508772     0.7987730186872918
-3.307017543859649     0.8383908016156891
-3.2894736842105265     0.8821227833062324
-3.2719298245614037     0.9306658533699271
-3.254385964912281     0.984886771420819
-3.236842105263158     1.0458778816259688
-3.219298245614035     1.1150364604336616
-3.2017543859649122     1.1941803438876404
-3.1842105263157894     1.2857208827553785
-3.1666666666666665     1.3929295376798005
-3.1491228070175437     1.5203634070864342
-3.1315789473684212     1.6745728947492402
-3.1140350877192984     1.8653376449076355
-3.0964912280701755     2.107957225355086
-3.0789473684210527     2.42782087721493
-3.06140350877193     2.87041707373938
-3.043859649122807     3.5261179362499564
-3.026315789473684     4.602746957774799
-3.0087719298245617     6.696355861821351
-2.9912280701754383     12.2638390178251
-2.973684210526316     39.10111590492079
-2.956140350877193     50.969495694849606
-2.93859649122807     34.069079916645826
-2.9210526315789473     110.9684369994735
-2.9035087719298245     60.71273339739826
-2.885964912280702     31.04243077280569
-2.8684210526315788     56.889494656119744
-2.8508771929824563     150.80153376137483
-2.8333333333333335     74.10348839687339
-2.8157894736842106     31.527262465555513
-2.7982456140350878     37.05064950923907
-2.780701754385965     116.72984658209917
-2.763157894736842     117.34748678621189
-2.745614035087719     116.35641777625234
-2.7280701754385968     37.52453485434886
-2.7105263157894735     31.57310377469647
-2.692982456140351     66.29236844942058
-2.675438596491228     166.4657017759488
-2.6578947368421053     87.41005608172493
-2.6403508771929824     140.30581639184132
-2.6228070175438596     59.90629959521184
-2.605263157894737     33.350987593328135
-2.587719298245614     49.780724204659016
-2.5701754385964914     158.4502235680734
-2.5526315789473686     145.09129928314877
-2.5350877192982457     80.85068835579001
-2.517543859649123     68.23430207088593
-2.5     134.58267171371253
-2.482456140350877     45.91616446041969
-2.4649122807017543     49.50570052334869
-2.447368421052632     141.78532288643447
-2.4298245614035086     129.38267281486915
-2.412280701754386     115.28605553933478
-2.3947368421052633     87.36579662194258
-2.3771929824561404     45.871556597497474
-2.3596491228070176     99.11601127929761
-2.3421052631578947     90.74473618490619
-2.3245614035087723     65.02935619991727
-2.307017543859649     168.7026165833367
-2.2894736842105265     165.57533712423705
-2.2719298245614037     75.91322085706696
-2.254385964912281     99.5665056043426
-2.236842105263158     91.44567211093718
-2.219298245614035     40.890820509603785
-2.2017543859649122     57.75020027475914
-2.1842105263157894     159.79935753429697
-2.166666666666667     123.82271646510982
-2.1491228070175437     187.32144214423835
-2.1315789473684212     111.98206433163807
-2.1140350877192984     112.37537496055285
-2.0964912280701755     53.31651279094823
-2.0789473684210527     116.46848664423261
-2.06140350877193     74.24889889409637
-2.0438596491228074     40.24032740596014
-2.026315789473684     59.75835117986853
-2.0087719298245617     203.7050584413026
-1.9912280701754388     197.3862700226351
-1.973684210526316     145.53589227402654
-1.956140350877193     91.13755919970046
-1.9385964912280702     127.98710135262749
-1.9210526315789473     49.10573804767201
-1.9035087719298247     68.0034846674671
-1.8859649122807018     130.9575368228187
-1.868421052631579     50.00038933476286
-1.8508771929824563     59.86753989819744
-1.8333333333333335     184.655893594531
-1.8157894736842106     263.84352480676296
-1.7982456140350878     190.94775514835763
-1.780701754385965     78.47772499715907
-1.7631578947368423     124.62459808697392
-1.7456140350877194     78.50322125252748
-1.7280701754385965     45.236348815266886
-1.710526315789474     89.50316389070167
-1.692982456140351     106.0652077645679
-1.6754385964912282     64.01333164382416
-1.6578947368421053     158.0698912928126
-1.6403508771929824     255.1018996338135
-1.6228070175438598     202.37311570354927
-1.605263157894737     160.72620333219777
-1.587719298245614     72.03932574713974
-1.5701754385964914     145.87826898055394
-1.5526315789473686     67.26787696901094
-1.5350877192982457     49.77150128453191
-1.5175438596491229     121.2076463197991
-1.5     93.60608598143259
-1.4824561403508771     107.24310532406892
-1.4649122807017543     248.62822347650342
-1.4473684210526319     299.8499824939929
-1.429824561403509     167.04600295154646
-1.4122807017543861     131.66178256949365
-1.3947368421052633     84.17960731318874
-1.3771929824561404     147.90753235217
-1.3596491228070176     59.41654751280305
-1.3421052631578947     84.15232186308667
-1.3245614035087723     132.32568825186516
-1.3070175438596494     80.66042134935262
-1.2894736842105265     202.70108740680573
-1.2719298245614037     367.69157624035347
-1.2543859649122808     218.67772212836408
-1.236842105263158     196.79918430510995
-1.219298245614035     112.89977550729311
-1.2017543859649122     154.24911478289746
-1.1842105263157894     87.62967355285417
-1.166666666666667     161.48828371760834
-1.149122807017544     78.33720528701079
-1.1315789473684212     147.74751556642045
-1.1140350877192984     150.21880849555748
-1.0964912280701755     357.52123070934357
-1.0789473684210527     375.4930437778485
-1.0614035087719298     294.2084678435601
-1.0438596491228074     256.5542807044476
-1.0263157894736845     214.00785810817248
-1.0087719298245617     99.92930708875248
-0.9912280701754388     146.90410787478433
-0.9736842105263159     220.90342289365412
-0.9561403508771931     253.1625499735925
-0.9385964912280702     294.20636223250466
-0.9210526315789473     405.79088880944465
-0.9035087719298245     342.0768856091006
-0.8859649122807021     118.76010668324042
-0.8684210526315792     169.77636277190464
-0.8508771929824563     76.53685102921992
-0.8333333333333335     73.63465806194573
-0.8157894736842106     155.54509759605824
-0.7982456140350878     80.53743125664022
-0.7807017543859649     196.3701232537111
-0.7631578947368425     119.9903171447456
-0.7456140350877196     180.45102145935377
-0.7280701754385968     186.9509408887178
-0.7105263157894739     160.66042004347787
-0.692982456140351     167.42143685082448
-0.6754385964912282     54.48428607008454
-0.6578947368421053     32.88674762165942
-0.6403508771929824     42.57114401190983
-0.6228070175438596     134.24975398537183
-0.6052631578947372     63.85355143101012
-0.5877192982456143     59.613477506215204
-0.5701754385964914     169.2534613240504
-0.5526315789473686     106.4800682842238
-0.5350877192982457     146.62601147017673
-0.5175438596491229     56.92921352066741
-0.5     28.95458155212329
-0.4824561403508776     37.349296342759956
-0.4649122807017547     126.97051685697183
-0.44736842105263186     50.76007869545494
-0.429824561403509     22.423486334840874
-0.41228070175438614     21.70197394733798
-0.3947368421052633     45.19876138488803
-0.3771929824561404     137.84353821086336
-0.35964912280701755     57.009552566223086
-0.3421052631578947     74.45417429815193
-0.3245614035087723     39.5533293394829
-0.3070175438596494     69.59809528504894
-0.28947368421052655     20.005974326628277
-0.2719298245614037     10.831925279519556
-0.2543859649122808     8.987314835552391
-0.23684210526315796     10.188455108116882
-0.2192982456140351     17.219907229246807
-0.20175438596491269     57.40954417246638
-0.18421052631578982     97.45387174795266
-0.16666666666666696     22.378393458567658
-0.1491228070175441     9.757542729736823
-0.13157894736842124     6.085442861846579
-0.11403508771929838     4.540935421502429
-0.09649122807017552     3.7459320677417645
-0.07894736842105265     3.2862303754894198
-0.06140350877192979     3.00359303042484
-0.043859649122807376     2.8275973786551503
-0.026315789473684514     2.723950244436905
-0.008771929824561653     2.675685298067001
0.008771929824561209     2.675685298067001
0.02631578947368407     2.7239502444368946
0.04385964912280693     2.827597378655156
0.06140350877192979     3.003593030424854
0.07894736842105221     3.28623037548942
0.09649122807017507     3.7459320677417693
0.11403508771929793     4.540935421502453
0.1315789473684208     6.085442861846617
0.14912280701754366     9.75754272973692
0.16666666666666652     22.378393458567913
0.18421052631578938     97.4538717479545
0.20175438596491224     57.40954417246458
0.2192982456140351     17.21990722924621
0.23684210526315752     10.18845510811686
0.2543859649122804     8.987314835552432
0.27192982456140324     10.831925279519684
0.2894736842105261     20.005974326628724
0.30701754385964897     69.59809528505004
0.32456140350877183     39.55332933948371
0.3421052631578947     74.45417429815912
0.3596491228070171     57.009552566226155
0.37719298245613997     137.8435382108707
0.39473684210526283     45.1987613848798
0.4122807017543857     21.70197394733559
0.42982456140350855     22.423486334837342
0.4473684210526314     50.76007869543569
0.4649122807017543     126.97051685700376
0.48245614035087714     37.34929634276934
0.5     28.954581552125614
0.5175438596491224     56.92921352066867
0.5350877192982457     146.6260114701737
0.5526315789473681     106.48006828422515
0.5701754385964914     169.25346132403766
0.5877192982456139     59.61347750621665
0.6052631578947363     63.853551431005016
0.6228070175438596     134.2497539853754
0.640350877192982     42.57114401191182
0.6578947368421053     32.88674762165967
0.6754385964912277     54.484286070083165
0.692982456140351     167.42143685082513
0.7105263157894735     160.6604200434822
0.7280701754385959     186.95094088872992
0.7456140350877192     180.4510214593431
0.7631578947368416     119.99031714473085
0.7807017543859649     196.37012325372314
0.7982456140350873     80.53743125665297
0.8157894736842106     155.54509759608112
0.833333333333333     73.63465806192985
0.8508771929824555     76.53685102920754
0.8684210526315788     169.77636277191368
0.8859649122807012     118.76010668323877
0.9035087719298245     342.0768856091067
0.9210526315789469     405.7908888094548
0.9385964912280702     294.20636223249153
0.9561403508771926     253.16254997358496
0.9736842105263159     220.9034228936608
0.9912280701754383     146.9041078747908
1.0087719298245608     99.92930708875068
1.026315789473684     214.0078581081628
1.0438596491228065     256.55428070444816
1.0614035087719298     294.2084678436011
1.0789473684210522     375.4930437778418
1.0964912280701755     357.5212307093298
1.114035087719298     150.21880849557283
1.1315789473684212     147.74751556638913
1.1491228070175437     78.33720528699762
1.166666666666666     161.48828371758677
1.1842105263157894     87.62967355285996
1.2017543859649118     154.24911478287197
1.219298245614035     112.89977550730998
1.2368421052631575     196.79918430511563
1.2543859649122808     218.67772212838858
1.2719298245614032     367.69157624034546
1.2894736842105257     202.70108740680448
1.307017543859649     80.66042134935064
1.3245614035087714     132.3256882518589
1.3421052631578947     84.15232186308589
1.359649122807017     59.41654751280361
1.3771929824561404     147.9075323521745
1.3947368421052628     84.17960731318642
1.4122807017543852     131.66178256948155
1.4298245614035086     167.04600295155777
1.447368421052631     299.84998249398984
1.4649122807017543     248.62822347649637
1.4824561403508767     107.24310532407095
1.5     93.60608598141894
1.5175438596491224     121.20764631982415
1.5350877192982457     49.77150128453561
1.5526315789473681     67.26787696901168
1.5701754385964906     145.87826898055562
1.5877192982456139     72.03932574713399
1.6052631578947363     160.72620333216938
1.6228070175438596     202.37311570354757
1.640350877192982     255.10189963381475
1.6578947368421053     158.0698912928287
1.6754385964912277     64.01333164382996
1.692982456140351     106.06520776458407
1.7105263157894735     89.50316389069164
1.7280701754385959     45.23634881526567
1.7456140350877192     78.50322125253084
1.7631578947368416     124.62459808697037
1.780701754385965     78.47772499715256
1.7982456140350873     190.947755148352
1.8157894736842106     263.8435248067534
1.833333333333333     184.65589359454216
1.8508771929824555     59.867539898201144
1.8684210526315788     50.000389334765394
1.8859649122807012     130.95753682282447
1.9035087719298245     68.00348466746071
1.921052631578947     49.10573804766596
1.9385964912280702     127.98710135260383
1.9561403508771926     91.13755919971605
1.973684210526315     145.53589227401778
1.9912280701754383     197.38627002267117
2.0087719298245608     203.70505844128667
2.026315789473684     59.758351179862885
2.0438596491228065     40.24032740595958
2.06140350877193     74.24889889410106
2.078947368421052     116.468486644228
2.0964912280701755     53.31651279094792
2.114035087719298     112.37537496055694
2.1315789473684204     111.98206433163118
2.1491228070175437     187.32144214423357
2.166666666666666     123.82271646511484
2.1842105263157894     159.79935753429592
2.201754385964912     57.75020027476137
2.219298245614035     40.89082050960205
2.2368421052631575     91.4456721109199
2.254385964912281     99.56650560435772
2.2719298245614032     75.91322085707067
2.2894736842105257     165.5753371242463
2.307017543859649     168.70261658333746
2.3245614035087714     65.0293561999107
2.3421052631578947     90.74473618490171
2.359649122807017     99.1160112793043
2.3771929824561404     45.871556597498696
2.394736842105263     87.365796621946
2.4122807017543852     115.28605553933431
2.4298245614035086     129.38267281487464
2.447368421052631     141.78532288643203
2.4649122807017543     49.505700523349816
2.4824561403508767     45.91616446041763
2.5     134.58267171370616
2.5175438596491224     68.23430207089189
2.535087719298245     80.85068835578907
2.552631578947368     145.0912992831595
2.5701754385964906     158.4502235680692
2.587719298245614     49.78072420464991
2.6052631578947363     33.350987593324284
2.6228070175438596     59.90629959519807
2.640350877192982     140.30581639186738
2.6578947368421053     87.41005608173792
2.6754385964912277     166.46570177593827
2.69298245614035     66.29236844942419
2.7105263157894735     31.573103774696374
2.728070175438596     37.5245348543485
2.745614035087719     116.35641777625793
2.7631578947368416     117.34748678620691
2.780701754385965     116.72984658210045
2.7982456140350873     37.05064950923954
2.8157894736842106     31.52726246555417
2.833333333333333     74.10348839686222
2.8508771929824555     150.80153376138898
2.8684210526315788     56.88949465612442
2.885964912280701     31.042430772809297
2.9035087719298245     60.712733397416216
2.921052631578947     110.9684369994476
2.93859649122807     34.06907991664079
2.9561403508771926     50.96949569485021
2.973684210526315     39.101115904920505
2.9912280701754383     12.2638390178245
3.0087719298245608     6.696355861821294
3.026315789473684     4.602746957774692
3.0438596491228065     3.526117936249919
3.06140350877193     2.8704170737393357
3.078947368421052     2.427820877214913
3.0964912280701746     2.1079572253550847
3.114035087719298     1.8653376449076313
3.1315789473684204     1.6745728947492444
3.1491228070175437     1.5203634070864303
3.166666666666666     1.3929295376797988
3.1842105263157894     1.2857208827553734
3.201754385964912     1.194180343887636
3.219298245614035     1.115036460433658
3.2368421052631575     1.0458778816259648
3.25438596491228     0.9848867714208208
3.2719298245614032     0.930665853369926
3.2894736842105257     0.8821227833062335
3.307017543859649     0.8383908016156881
3.3245614035087714     0.7987730186872949
3.3421052631578947     0.7627024925942832
3.359649122807017     0.7297131007053609
3.3771929824561404     0.6994179393666864
3.394736842105263     0.6714930700693942
3.4122807017543852     0.6456651255068921
3.4298245614035086     0.6217017440871203
3.447368421052631     0.59940410543433
3.4649122807017543     0.5786010460577279
3.4824561403508767     0.5591443771484029
3.5     0.5409051266115864
