-5.000000000000000000e-01 -6.928203230275509661e+00 3.011969538484727746e-02
5.000000000000000000e-01 -6.928203230275509661e+00 8.903796544061755303e-02
-2.000000000000000000e+00 -6.062177826491071286e+00 3.031927252099868297e-02
-1.000000000000000000e+00 -6.062177826491071286e+00 1.102710767507523726e-01
-3.500000000000000000e+00 -5.196152422706632024e+00 2.435355551899140783e-02
-2.500000000000000000e+00 -5.196152422706632024e+00 4.710462425825473476e-02
-5.000000000000000000e+00 -4.330127018922193649e+00 3.031927252099867257e-02
-4.000000000000000000e+00 -4.330127018922193649e+00 4.710462425825463761e-02
-6.500000000000000000e+00 -3.464101615137755275e+00 3.011969538484721501e-02
-5.500000000000000000e+00 -3.464101615137755275e+00 1.102710767507519424e-01
-8.000000000000000000e+00 -2.598076211353316900e+00 2.628134133495894226e-02
-7.000000000000000000e+00 -2.598076211353316900e+00 8.903796544061767793e-02
-9.500000000000000000e+00 -1.732050807568877637e+00 3.076633126540950086e-02
-8.500000000000000000e+00 -1.732050807568877637e+00 3.409353952035580615e-02
-1.100000000000000000e+01 -8.660254037844392627e-01 3.082646750049537060e-02
-1.000000000000000000e+01 -8.660254037844392627e-01 5.217631784109976606e-02
-1.250000000000000000e+01 -8.881784197001252323e-16 2.830896522583120634e-02
-1.150000000000000000e+01 -8.881784197001252323e-16 6.959938133231108326e-02
1.000000000000000000e+00 -6.062177826491071286e+00 3.031927252099862052e-02
2.000000000000000000e+00 -6.062177826491071286e+00 9.014302323937191386e-02
-5.000000000000000000e-01 -5.196152422706632024e+00 2.370296713766689711e-02
5.000000000000000000e-01 -5.196152422706632024e+00 3.191115757260282182e-02
-2.000000000000000000e+00 -4.330127018922193649e+00 2.933515685413265808e-02
-1.000000000000000000e+00 -4.330127018922193649e+00 1.111770965345827838e-01
-3.500000000000000000e+00 -3.464101615137755275e+00 2.933515685413257482e-02
-2.500000000000000000e+00 -3.464101615137755275e+00 1.970166351641336189e-01
-5.000000000000000000e+00 -2.598076211353316900e+00 2.370296713766690058e-02
-4.000000000000000000e+00 -2.598076211353316900e+00 1.111770965345820206e-01
-6.500000000000000000e+00 -1.732050807568878525e+00 3.031927252099868297e-02
-5.500000000000000000e+00 -1.732050807568878525e+00 3.191115757260280794e-02
-8.000000000000000000e+00 -8.660254037844392627e-01 3.032551282362685313e-02
-7.000000000000000000e+00 -8.660254037844392627e-01 9.014302323937155303e-02
-9.500000000000000000e+00 -8.881784197001252323e-16 2.686834442498142045e-02
-8.500000000000000000e+00 -8.881784197001252323e-16 1.141929723297585575e-01
-1.100000000000000000e+01 8.660254037844374864e-01 3.082646750049537060e-02
-1.000000000000000000e+01 8.660254037844374864e-01 5.217631784109982851e-02
2.500000000000000000e+00 -5.196152422706632024e+00 2.435355551899127599e-02
3.500000000000000000e+00 -5.196152422706632024e+00 9.014302323937180283e-02
1.000000000000000000e+00 -4.330127018922193649e+00 2.933515685413263033e-02
2.000000000000000000e+00 -4.330127018922193649e+00 2.673663095812905399e-01
-5.000000000000000000e-01 -3.464101615137755275e+00 2.957740036701294456e-02
5.000000000000000000e-01 -3.464101615137755275e+00 2.699220647981563359e-01
-2.000000000000000000e+00 -2.598076211353316900e+00 1.898802172884926642e-02
-1.000000000000000000e+00 -2.598076211353316900e+00 7.388236665097730471e-02
-3.500000000000000000e+00 -1.732050807568877637e+00 2.957740036701317007e-02
-2.500000000000000000e+00 -1.732050807568877637e+00 7.388236665097666633e-02
-5.000000000000000000e+00 -8.660254037844401509e-01 2.933515685413258176e-02
-4.000000000000000000e+00 -8.660254037844401509e-01 2.699220647981553367e-01
-6.500000000000000000e+00 -8.881784197001252323e-16 2.435355551899135926e-02
-5.500000000000000000e+00 -8.881784197001252323e-16 2.673663095812912061e-01
-8.000000000000000000e+00 8.660254037844383745e-01 3.032551282362681150e-02
-7.000000000000000000e+00 8.660254037844383745e-01 9.014302323937214978e-02
-9.500000000000000000e+00 1.732050807568875861e+00 3.076633126540946964e-02
-8.500000000000000000e+00 1.732050807568875861e+00 3.409353952035550084e-02
4.000000000000000000e+00 -4.330127018922193649e+00 3.031927252099880787e-02
5.000000000000000000e+00 -4.330127018922193649e+00 8.903796544061801099e-02
2.500000000000000000e+00 -3.464101615137755275e+00 2.933515685413239787e-02
3.500000000000000000e+00 -3.464101615137755275e+00 3.191115757260274549e-02
1.000000000000000000e+00 -2.598076211353316900e+00 1.898802172884916234e-02
2.000000000000000000e+00 -2.598076211353316900e+00 2.699220647981562249e-01
-5.000000000000000000e-01 -1.732050807568877637e+00 2.679419810038997929e-02
5.000000000000000000e-01 -1.732050807568877637e+00 9.906250152257634056e-01
-2.000000000000000000e+00 -8.660254037844392627e-01 2.679419810038976071e-02
-1.000000000000000000e+00 -8.660254037844392627e-01 1.438879401309234751e+00
-3.500000000000000000e+00 -8.881784197001252323e-16 1.898802172884934622e-02
-2.500000000000000000e+00 -8.881784197001252323e-16 9.906250152257642938e-01
-5.000000000000000000e+00 8.660254037844383745e-01 2.933515685413261298e-02
-4.000000000000000000e+00 8.660254037844383745e-01 2.699220647981560584e-01
-6.500000000000000000e+00 1.732050807568875861e+00 3.031927252099863787e-02
-5.500000000000000000e+00 1.732050807568875861e+00 3.191115757260287733e-02
-8.000000000000000000e+00 2.598076211353315124e+00 2.628134133495883124e-02
-7.000000000000000000e+00 2.598076211353315124e+00 8.903796544061741425e-02
5.500000000000000000e+00 -3.464101615137755275e+00 3.011969538484747175e-02
6.500000000000000000e+00 -3.464101615137755275e+00 3.348178797472178142e-02
4.000000000000000000e+00 -2.598076211353316900e+00 2.370296713766707405e-02
5.000000000000000000e+00 -2.598076211353316900e+00 1.102710767507524559e-01
2.500000000000000000e+00 -1.732050807568877637e+00 2.957740036701315273e-02
3.500000000000000000e+00 -1.732050807568877637e+00 1.111770965345825202e-01
1.000000000000000000e+00 -8.660254037844392627e-01 2.679419810038977459e-02
2.000000000000000000e+00 -8.660254037844392627e-01 7.388236665097663858e-02
-5.000000000000000000e-01 -8.881784197001252323e-16 1.270089363288708645e-11
5.000000000000000000e-01 -8.881784197001252323e-16 1.438879401309233863e+00
-2.000000000000000000e+00 8.660254037844374864e-01 2.679419810038988214e-02
-1.000000000000000000e+00 8.660254037844374864e-01 1.438879401309243189e+00
-3.500000000000000000e+00 1.732050807568875861e+00 2.957740036701302783e-02
-2.500000000000000000e+00 1.732050807568875861e+00 7.388236665097615286e-02
-5.000000000000000000e+00 2.598076211353315124e+00 2.370296713766695609e-02
-4.000000000000000000e+00 2.598076211353315124e+00 1.111770965345827283e-01
-6.500000000000000000e+00 3.464101615137754386e+00 3.011969538484728093e-02
-5.500000000000000000e+00 3.464101615137754386e+00 1.102710767507521228e-01
7.000000000000000000e+00 -2.598076211353316900e+00 2.628134133495917471e-02
8.000000000000000000e+00 -2.598076211353316900e+00 6.910615724030605422e-02
5.500000000000000000e+00 -1.732050807568878525e+00 3.031927252099904033e-02
6.500000000000000000e+00 -1.732050807568878525e+00 5.608004306202504785e-02
4.000000000000000000e+00 -8.660254037844401509e-01 2.933515685413298074e-02
5.000000000000000000e+00 -8.660254037844401509e-01 4.710462425825486660e-02
2.500000000000000000e+00 -8.881784197001252323e-16 1.898802172884926642e-02
3.500000000000000000e+00 -8.881784197001252323e-16 1.970166351641334246e-01
1.000000000000000000e+00 8.660254037844374864e-01 2.679419810038979194e-02
2.000000000000000000e+00 8.660254037844374864e-01 7.388236665097688838e-02
-5.000000000000000000e-01 1.732050807568875861e+00 2.679419810038989949e-02
5.000000000000000000e-01 1.732050807568875861e+00 9.906250152257651820e-01
-2.000000000000000000e+00 2.598076211353315124e+00 1.898802172884925601e-02
-1.000000000000000000e+00 2.598076211353315124e+00 7.388236665097625000e-02
-3.500000000000000000e+00 3.464101615137754386e+00 2.933515685413267890e-02
-2.500000000000000000e+00 3.464101615137754386e+00 1.970166351641337021e-01
-5.000000000000000000e+00 4.330127018922191873e+00 3.031927252099866910e-02
-4.000000000000000000e+00 4.330127018922191873e+00 4.710462425825476251e-02
8.500000000000000000e+00 -1.732050807568877637e+00 3.076633126540948351e-02
9.500000000000000000e+00 -1.732050807568877637e+00 4.284787412604484230e-02
7.000000000000000000e+00 -8.660254037844392627e-01 3.032551282362686701e-02
8.000000000000000000e+00 -8.660254037844392627e-01 3.952496312699829706e-02
5.500000000000000000e+00 -8.881784197001252323e-16 2.435355551899150151e-02
6.500000000000000000e+00 -8.881784197001252323e-16 9.140965077177529152e-02
4.000000000000000000e+00 8.660254037844383745e-01 2.933515685413266155e-02
5.000000000000000000e+00 8.660254037844383745e-01 4.710462425825469313e-02
2.500000000000000000e+00 1.732050807568875861e+00 2.957740036701311456e-02
3.500000000000000000e+00 1.732050807568875861e+00 1.111770965345817846e-01
1.000000000000000000e+00 2.598076211353315124e+00 1.898802172884930112e-02
2.000000000000000000e+00 2.598076211353315124e+00 2.699220647981556698e-01
-5.000000000000000000e-01 3.464101615137754386e+00 2.957740036701312497e-02
5.000000000000000000e-01 3.464101615137754386e+00 2.699220647981567245e-01
-2.000000000000000000e+00 4.330127018922191873e+00 2.933515685413265461e-02
-1.000000000000000000e+00 4.330127018922191873e+00 1.111770965345826034e-01
-3.500000000000000000e+00 5.196152422706631135e+00 2.435355551899136967e-02
-2.500000000000000000e+00 5.196152422706631135e+00 4.710462425825474864e-02
1.000000000000000000e+01 -8.660254037844392627e-01 3.082646750049519366e-02
1.100000000000000000e+01 -8.660254037844392627e-01 3.637565569282403405e-02
8.500000000000000000e+00 -8.881784197001252323e-16 2.686834442498142045e-02
9.500000000000000000e+00 -8.881784197001252323e-16 6.163104050452054838e-02
7.000000000000000000e+00 8.660254037844383745e-01 3.032551282362692946e-02
8.000000000000000000e+00 8.660254037844383745e-01 3.952496312699801950e-02
5.500000000000000000e+00 1.732050807568875861e+00 3.031927252099880787e-02
6.500000000000000000e+00 1.732050807568875861e+00 5.608004306202496458e-02
4.000000000000000000e+00 2.598076211353315124e+00 2.370296713766704630e-02
5.000000000000000000e+00 2.598076211353315124e+00 1.102710767507519007e-01
2.500000000000000000e+00 3.464101615137754386e+00 2.933515685413256094e-02
3.500000000000000000e+00 3.464101615137754386e+00 3.191115757260273855e-02
1.000000000000000000e+00 4.330127018922191873e+00 2.933515685413259910e-02
2.000000000000000000e+00 4.330127018922191873e+00 2.673663095812908730e-01
-5.000000000000000000e-01 5.196152422706631135e+00 2.370296713766692834e-02
5.000000000000000000e-01 5.196152422706631135e+00 3.191115757260272467e-02
-2.000000000000000000e+00 6.062177826491070398e+00 3.031927252099866563e-02
-1.000000000000000000e+00 6.062177826491070398e+00 1.102710767507518591e-01
1.150000000000000000e+01 -8.881784197001252323e-16 2.830896522583183084e-02
1.250000000000000000e+01 -8.881784197001252323e-16 4.929483582855722495e-02
1.000000000000000000e+01 8.660254037844374864e-01 3.082646750049526305e-02
1.100000000000000000e+01 8.660254037844374864e-01 3.637565569282395772e-02
8.500000000000000000e+00 1.732050807568875861e+00 3.076633126541002128e-02
9.500000000000000000e+00 1.732050807568875861e+00 4.284787412604493945e-02
7.000000000000000000e+00 2.598076211353315124e+00 2.628134133495919206e-02
8.000000000000000000e+00 2.598076211353315124e+00 6.910615724030619300e-02
5.500000000000000000e+00 3.464101615137754386e+00 3.011969538484706582e-02
6.500000000000000000e+00 3.464101615137754386e+00 3.348178797472192714e-02
4.000000000000000000e+00 4.330127018922191873e+00 3.031927252099876624e-02
5.000000000000000000e+00 4.330127018922191873e+00 8.903796544061813589e-02
2.500000000000000000e+00 5.196152422706631135e+00 2.435355551899140783e-02
3.500000000000000000e+00 5.196152422706631135e+00 9.014302323937231631e-02
1.000000000000000000e+00 6.062177826491070398e+00 3.031927252099848868e-02
2.000000000000000000e+00 6.062177826491070398e+00 9.014302323937212202e-02
-5.000000000000000000e-01 6.928203230275507885e+00 3.011969538484721848e-02
5.000000000000000000e-01 6.928203230275507885e+00 8.903796544061780283e-02
